+100
+B
 fe ff ff ff ff ff ff ff ff ff ff ff ff ff ff ff ff ff ff ff ff ff ff ff ff ff ff ff ff ff ff ff
+G 0 30
 T cf
+G 1 5a
 T 75
+B
 00 00 00 00 00 00 00 00 00 00 00 00 00 00 00 00 00 f8 ff ff ff ff ff ff ff ff ff ff ff ff ff ff
+F 0 10
 T 85
+F 1 a
 T 8f
+B
 00 00 00 00 fe ff 01 00 00 00 00 00 00 00 00 00 fe ff ff ff ff ff ff ff ff ff ff ff ff ff ff ff
+G 3 b
 T 84
+F 0 1
 T 85
+B
 00 00 00 00 01 f0 01 00 00 00 00 00 00 00 00 00 fe ff ff ff ff ff ff ff ff ff ff ff ff ff ff ff
+G 2 4
 T 81
+B
 00 00 00 00 00 80 01 00 00 00 00 00 00 00 00 00 fe ff ff ff ff ff ff ff ff ff ff ff ff ff ff ff
+G 2 3
 T 7e
+B
 00 00 00 00 00 00 00 00 00 00 00 00 00 00 00 00 fc ff ff ff ff ff ff ff ff ff ff ff ff ff ff ff
+F 1 1
 T 7f
+G 2 9
 T 76
+B
 00 00 00 00 00 00 00 00 00 00 00 00 00 00 00 00 00 fc ff ff ff ff ff ff ff ff ff ff ff ff ff ff
+F 2 c
 T 82
+B
 00 00 00 00 00 80 01 00 00 00 00 00 00 00 00 00 ff ff ff ff ff ff ff ff ff ff ff ff ff ff ff ff
+G 3 3
 T 7f
+B
 00 00 00 00 00 00 00 00 00 00 00 00 00 00 00 00 fe ff ff ff ff ff ff ff ff ff ff ff ff ff ff ff
+G 0 1
 T 7e
+G 1 1
 T 7d
+G 2 1
 T 7c
+B
 00 00 00 00 00 00 00 00 00 00 00 00 00 00 00 00 f0 ff ff ff ff ff ff ff ff ff ff ff ff ff ff ff
+G 3 7C
 T 0
+B
 00 00 00 00 00 00 00 00 00 00 00 00 00 00 00 00 00 00 00 00 00 00 00 00 00 00 00 00 00 00 00 00
+F 3 4C
 T 4c
+B
 00 00 00 00 00 00 00 00 00 00 00 00 00 00 00 00 00 00 00 00 00 00 f0 ff ff ff ff ff ff ff ff ff
+F 1 50
 T 9c
+B
 00 00 00 00 00 00 fe ff ff ff ff ff ff ff ff ff 04 00 00 00 00 00 f0 ff ff ff ff ff ff ff ff ff
+F 2 5
 T a1
+B
 00 00 00 00 01 70 fe ff ff ff ff ff ff ff ff ff 0c 00 00 00 00 00 f0 ff ff ff ff ff ff ff ff ff
+F 0 20
 T c1
+B
 fe ff ff ff 01 70 fe ff ff ff ff ff ff ff ff ff 0e 00 00 00 00 00 f0 ff ff ff ff ff ff ff ff ff
+F 3 3E
 T ff
+B
 fe ff ff ff ff ff ff ff ff ff ff ff ff ff ff ff ff ff ff ff ff ff ff ff ff ff ff ff ff ff ff ff
